CRITICAL:2022-07-02 20:03:00,091 - Method: add_task - ValueError: str, need int.
CRITICAL:2022-07-02 20:05:22,669 - Method: create_task, priority - ValueError: str, need int.
CRITICAL:2022-07-02 20:10:25,671 - Method: del_task, num_to_del - ValueError: str, need int.
CRITICAL:2022-07-02 20:10:59,043 - Method: change_task, priority - ValueError: str, need int.
WARNING:2022-07-02 20:39:16,360 - Method: create_task, Entered priority: -5 - out of range.
WARNING:2022-07-02 20:40:05,404 - Method: change_task, Entered priority: -10 - out of range.
WARNING:2022-07-02 20:48:10,215 - Method: create_task, Entered task name: a - invalid task name.
WARNING:2022-07-02 20:48:39,708 - Method: find_task, Entered task name: hgh - invalid task name.
WARNING:2022-07-02 20:50:41,115 - Method: change_task, Entered task name: hnyj - invalid task name.
WARNING:2022-07-02 20:55:25,602 - Method: del_task, Entered num of task 68 - invalid num of task
CRITICAL:2022-07-02 21:05:44,519 - Error writing to file.
WARNING:2022-07-02 21:11:07,571 - Method: day_of_week, Entered day of week Hjyy - invalid day of week.
WARNING:2022-07-02 21:11:57,217 - Method: change_task, Entered day of week Oommomkmkm - invalid day of week.
WARNING:2022-07-02 21:14:07,042 - Method: change_task, Entered day of week Hynyn - invalid day of week.
CRITICAL:2022-07-02 21:15:13,433 - Method: del_task, num_to_del - ValueError: str, need int.
WARNING:2022-07-02 21:15:28,583 - Method: change_task, Entered day of week Momjim - invalid day of week.
WARNING:2022-07-02 21:23:45,877 - Method: change_task, Entered day of week Mllkm - invalid day of week.
WARNING:2022-07-02 21:25:28,288 - Method: change_task, Entered day of week Kmomom - invalid day of week.
CRITICAL:2022-07-03 15:29:10,412 - Invalid password!
CRITICAL:2022-07-07 17:40:24,330 - Invalid password!
WARNING:2022-07-07 18:23:14,384 - Method: day_of_week, Entered day of week The - invalid day of week.
CRITICAL:2022-07-07 18:30:18,607 - Method: create_task, priority - ValueError: str, need int.
CRITICAL:2022-07-07 18:31:03,790 - Invalid password!
CRITICAL:2022-07-07 19:26:47,268 - Invalid password!
CRITICAL:2022-07-07 19:27:10,689 - Invalid password!
CRITICAL:2022-07-07 19:44:06,145 - Invalid password!
WARNING:2022-07-10 12:33:34,016 - Method: find_task, Entered task name: 1 - invalid task name.
CRITICAL:2022-07-10 15:23:40,738 - Invalid password!
